<?xml version="1.0" encoding="UTF-8"?>
<!-- Generated by org.testng.reporters.JUnitXMLReporter -->
<testsuite ignored="4" hostname="LAPTOP-C05A25AI" failures="1" tests="8" name="Test" time="7.267" errors="0" timestamp="2022-01-30T14:41:18 IST">
  <testcase classname="testng.BaseClass" name="method3" time="0.007"/>
  <testcase classname="testng.BaseClass" name="method3" time="0.007"/>
  <testcase classname="testng.BaseClass" name="method4" time="0.002"/>
  <testcase classname="testng.BaseClass" name="method4" time="0.001"/>
  <testcase classname="testng.MyTest" name="method1" time="0.001"/>
  <testcase classname="testng.MyTest" name="method2" time="0.002"/>
  <testcase classname="testng.Demo" name="verifyWebPageTitle" time="0.023">
    <failure type="java.lang.AssertionError">
      <![CDATA[java.lang.AssertionError: 
at testng.Demo.verifyWebPageTitle(Demo.java:50)
at java.base/java.util.concurrent.ThreadPoolExecutor.runWorker(ThreadPoolExecutor.java:1130)
at java.base/java.util.concurrent.ThreadPoolExecutor$Worker.run(ThreadPoolExecutor.java:630)
at java.base/java.lang.Thread.run(Thread.java:831)
... Removed 15 stack frames]]>
    </failure>
  </testcase> <!-- verifyWebPageTitle -->
  <testcase classname="testng.Demo" name="verifyWebPageTitle1" time="0.01"/>
  <testcase classname="testng.BaseClass" name="@BeforeSuite methodBeforeSuiteInBaseClass" time="0.0">
    <ignored/>
  </testcase> <!-- @BeforeSuite methodBeforeSuiteInBaseClass -->
  <testcase classname="testng.BaseClass" name="@AfterSuite methodAfterSuiteInBaseClass" time="0.0">
    <ignored/>
  </testcase> <!-- @AfterSuite methodAfterSuiteInBaseClass -->
  <testcase classname="testng.BaseClass" name="@BeforeTest methodBeforeTestBase" time="0.0">
    <ignored/>
  </testcase> <!-- @BeforeTest methodBeforeTestBase -->
  <testcase classname="testng.BaseClass" name="@AfterTest methodAfterTestBase" time="0.0">
    <ignored/>
  </testcase> <!-- @AfterTest methodAfterTestBase -->
</testsuite> <!-- Test -->
